<?xml version="1.0" encoding="UTF-8"?>
<!-- Generated by org.testng.reporters.JUnitReportReporter -->
<testsuite hostname="DESKTOP-9SKLIDC" failures="0" tests="1" name="base.BaseTest" time="16.727" errors="0" timestamp="2024-06-12T11:23:35 AST" skipped="0">
  <testcase classname="base.BaseTest" name="rechargePage" time="16.727"/>
  <system-out/>
</testsuite> <!-- base.BaseTest -->
